<?xml version="1.0" encoding="utf-8" standalone="no"?>
<!--This file represents the results of running a test suite-->
<test-results name="G:\Projetos\Miranda\imgProfGallery\source\IPGN\QueryBuilder\QueryBuilder.Test\bin\debug\QueryBuilder.Test.dll" total="9" errors="0" failures="0" not-run="0" inconclusive="0" ignored="0" skipped="0" invalid="0" date="2014-10-13" time="11:11:08">
  <environment nunit-version="2.6.3.13283" clr-version="2.0.50727.5420" os-version="Microsoft Windows NT 6.1.7601 Service Pack 1" platform="Win32NT" cwd="G:\Projetos\Miranda\imgProfGallery\source\IPGN\QueryBuilder\QueryBuilder.Test\bin\debug" machine-name="MIRANDA" user="WebFis33" user-domain="Miranda" />
  <culture-info current-culture="pt-BR" current-uiculture="pt-BR" />
  <test-suite type="Assembly" name="G:\Projetos\Miranda\imgProfGallery\source\IPGN\QueryBuilder\QueryBuilder.Test\bin\debug\QueryBuilder.Test.dll" executed="True" result="Success" success="True" time="0.040" asserts="0">
    <results>
      <test-suite type="Namespace" name="QueryBuilder" executed="True" result="Success" success="True" time="0.040" asserts="0">
        <results>
          <test-suite type="TestFixture" name="SQLQueryBuilderTest" executed="True" result="Success" success="True" time="0.040" asserts="0">
            <results>
              <test-case name="QueryBuilder.SQLQueryBuilderTest.DeveGerarQueryComCaseEmSelects" executed="True" result="Success" success="True" time="0.000" asserts="1" />
              <test-case name="QueryBuilder.SQLQueryBuilderTest.DeveGerarQueryComCondicao" executed="True" result="Success" success="True" time="0.002" asserts="1" />
              <test-case name="QueryBuilder.SQLQueryBuilderTest.DeveGerarQueryComDistinct" executed="True" result="Success" success="True" time="0.001" asserts="1" />
              <test-case name="QueryBuilder.SQLQueryBuilderTest.DeveGerarQueryComJoins" executed="True" result="Success" success="True" time="0.007" asserts="1" />
              <test-case name="QueryBuilder.SQLQueryBuilderTest.DeveGerarQueryComMaisDeUmaCondicao" executed="True" result="Success" success="True" time="0.001" asserts="1" />
              <test-case name="QueryBuilder.SQLQueryBuilderTest.DeveGerarQuerySimples" executed="True" result="Success" success="True" time="0.000" asserts="1" />
              <test-case name="QueryBuilder.SQLQueryBuilderTest.DeveGerarUmaQueryComOrdenacao" executed="True" result="Success" success="True" time="0.001" asserts="1" />
              <test-case name="QueryBuilder.SQLQueryBuilderTest.DeveGerarUmaQueryComOrdenacaoMultipla" executed="True" result="Success" success="True" time="0.001" asserts="1" />
              <test-case name="QueryBuilder.SQLQueryBuilderTest.DeveLancarExcecaoAoAdicionarJoinSemTabelaParaCruzar" executed="True" result="Success" success="True" time="0.007" asserts="0" />
            </results>
          </test-suite>
        </results>
      </test-suite>
    </results>
  </test-suite>
</test-results>